[0.299s] Invoking command in '/home/jan/dev/Ros2PoCLedControl/ros2_home_auto/build/cpp_nodes': CMAKE_PREFIX_PATH=${CMAKE_PREFIX_PATH}:/home/jan/dev/Ros2PoCLedControl/ros2_home_auto/install/video_capture:/home/jan/dev/Ros2PoCLedControl/ros2_home_auto/install/led_control:/opt/ros/humble /usr/bin/cmake --build /home/jan/dev/Ros2PoCLedControl/ros2_home_auto/build/cpp_nodes -- -j12 -l12
[0.639s] -- Found ament_cmake: 1.3.8 (/opt/ros/humble/share/ament_cmake/cmake)
[0.639s] -- Found rclcpp: 16.0.8 (/opt/ros/humble/share/rclcpp/cmake)
[0.640s] -- Found rosidl_generator_c: 3.1.5 (/opt/ros/humble/share/rosidl_generator_c/cmake)
[0.641s] -- Found rosidl_adapter: 3.1.5 (/opt/ros/humble/share/rosidl_adapter/cmake)
[0.641s] -- Found rosidl_generator_cpp: 3.1.5 (/opt/ros/humble/share/rosidl_generator_cpp/cmake)
[0.642s] -- Using all available rosidl_typesupport_c: rosidl_typesupport_fastrtps_c;rosidl_typesupport_introspection_c
[0.642s] -- Using all available rosidl_typesupport_cpp: rosidl_typesupport_fastrtps_cpp;rosidl_typesupport_introspection_cpp
[0.642s] -- Found rmw_implementation_cmake: 6.1.1 (/opt/ros/humble/share/rmw_implementation_cmake/cmake)
[0.642s] -- Found rmw_fastrtps_cpp: 6.2.6 (/opt/ros/humble/share/rmw_fastrtps_cpp/cmake)
[0.696s] -- Using RMW implementation 'rmw_fastrtps_cpp' as default
[0.846s] -- Found sensor_msgs: 4.2.3 (/opt/ros/humble/share/sensor_msgs/cmake)
[0.965s] -- Found cv_bridge: 3.2.1 (/opt/ros/humble/share/cv_bridge/cmake)
[0.980s] -- Found image_transport: 3.1.8 (/opt/ros/humble/share/image_transport/cmake)
[1.025s] -- Found ament_lint_auto: 0.12.10 (/opt/ros/humble/share/ament_lint_auto/cmake)
[1.102s] -- Added test 'cppcheck' to perform static code analysis on C / C++ code
[1.102s] -- Configured cppcheck include dirs: $<BUILD_INTERFACE:/home/jan/dev/Ros2PoCLedControl/ros2_home_auto/src/cpp_nodes/include>
[1.102s] -- Configured cppcheck exclude dirs and/or files: 
[1.103s] -- Added test 'lint_cmake' to check CMake code style
[1.104s] -- Added test 'uncrustify' to check C / C++ code style
[1.104s] -- Configured uncrustify additional arguments: 
[1.105s] -- Added test 'xmllint' to check XML markup files
[1.106s] -- Configuring done
[1.136s] -- Generating done
[1.139s] -- Build files have been written to: /home/jan/dev/Ros2PoCLedControl/ros2_home_auto/build/cpp_nodes
[1.172s] [35m[1mConsolidate compiler generated dependencies of target cpp_subscriber[0m
[1.208s] [ 25%] [32mBuilding CXX object CMakeFiles/cpp_publisher.dir/src/cpp_publisher.cpp.o[0m
[1.208s] [ 75%] Built target cpp_subscriber
[4.554s] [01m[K/home/jan/dev/Ros2PoCLedControl/ros2_home_auto/src/cpp_nodes/src/cpp_publisher.cpp:[m[K In function â€˜[01m[Kint main(int, char**)[m[Kâ€™:
[4.554s] [01m[K/home/jan/dev/Ros2PoCLedControl/ros2_home_auto/src/cpp_nodes/src/cpp_publisher.cpp:17:35:[m[K [01;31m[Kerror: [m[Kâ€˜[01m[KVideoSubscriber[m[Kâ€™ was not declared in this scope
[4.555s]    17 |     rclcpp::spin(std::make_shared<[01;31m[KVideoSubscriber[m[K>());
[4.555s]       |                                   [01;31m[K^~~~~~~~~~~~~~~[m[K
[4.555s] [01m[K/home/jan/dev/Ros2PoCLedControl/ros2_home_auto/src/cpp_nodes/src/cpp_publisher.cpp:17:51:[m[K [01;31m[Kerror: [m[Kno matching function for call to â€˜[01m[Kmake_shared<<expression error> >()[m[Kâ€™
[4.555s]    17 |     rclcpp::spin([01;31m[Kstd::make_shared<VideoSubscriber>()[m[K);
[4.555s]       |                  [01;31m[K~~~~~~~~~~~~~~~~~~~~~~~~~~~~~~~~~^~[m[K
[4.555s] In file included from [01m[K/usr/include/c++/11/memory:77[m[K,
[4.556s]                  from [01m[K/home/jan/dev/Ros2PoCLedControl/ros2_home_auto/src/cpp_nodes/src/cpp_publisher.cpp:3[m[K:
[4.556s] [01m[K/usr/include/c++/11/bits/shared_ptr.h:875:5:[m[K [01;36m[Knote: [m[Kcandidate: â€˜[01m[Ktemplate<class _Tp, class ... _Args> std::shared_ptr<_Tp> std::make_shared(_Args&& ...)[m[Kâ€™
[4.556s]   875 |     [01;36m[Kmake_shared[m[K(_Args&&... __args)
[4.556s]       |     [01;36m[K^~~~~~~~~~~[m[K
[4.556s] [01m[K/usr/include/c++/11/bits/shared_ptr.h:875:5:[m[K [01;36m[Knote: [m[K  template argument deduction/substitution failed:
[4.556s] [01m[K/home/jan/dev/Ros2PoCLedControl/ros2_home_auto/src/cpp_nodes/src/cpp_publisher.cpp:17:51:[m[K [01;31m[Kerror: [m[Ktemplate argument 1 is invalid
[4.557s]    17 |     rclcpp::spin([01;31m[Kstd::make_shared<VideoSubscriber>()[m[K);
[4.557s]       |                  [01;31m[K~~~~~~~~~~~~~~~~~~~~~~~~~~~~~~~~~^~[m[K
[5.272s] gmake[2]: *** [CMakeFiles/cpp_publisher.dir/build.make:76: CMakeFiles/cpp_publisher.dir/src/cpp_publisher.cpp.o] Error 1
[5.272s] gmake[1]: *** [CMakeFiles/Makefile2:165: CMakeFiles/cpp_publisher.dir/all] Error 2
[5.273s] gmake: *** [Makefile:146: all] Error 2
[5.275s] Invoked command in '/home/jan/dev/Ros2PoCLedControl/ros2_home_auto/build/cpp_nodes' returned '2': CMAKE_PREFIX_PATH=${CMAKE_PREFIX_PATH}:/home/jan/dev/Ros2PoCLedControl/ros2_home_auto/install/video_capture:/home/jan/dev/Ros2PoCLedControl/ros2_home_auto/install/led_control:/opt/ros/humble /usr/bin/cmake --build /home/jan/dev/Ros2PoCLedControl/ros2_home_auto/build/cpp_nodes -- -j12 -l12
